<?xml version="1.0" encoding="UTF-8"?>
<testsuite xmlns:xsi="http://www.w3.org/2001/XMLSchema-instance" xsi:noNamespaceSchemaLocation="https://maven.apache.org/surefire/maven-surefire-plugin/xsd/surefire-test-report.xsd" name="cst3130.armandokun.AppConfigTest" time="0.026" tests="3" errors="0" skipped="0" failures="0">
  <properties>
[...]
</properties>
  <testcase name="mng" classname="cst3130.armandokun.AppConfigTest" time="0.01"/>
  <testcase name="sessionFactory" classname="cst3130.armandokun.AppConfigTest" time="0.001"/>
  <testcase name="productDao" classname="cst3130.armandokun.AppConfigTest" time="0.001"/>
</testsuite>